<?xml version="1.0" encoding="UTF-8"?>
<!-- Generated by org.testng.reporters.JUnitReportReporter -->
<testsuite skipped="0" hostname="Ashok-PC" name="com.asms.testcases.LoginTestASMS" tests="3" failures="0" timestamp="16 Nov 2019 06:06:20 GMT" time="103.614" errors="0">
  <testcase name="loginApp" time="27.670" classname="com.asms.testcases.LoginTestASMS"/>
  <testcase name="loginApp" time="57.002" classname="com.asms.testcases.LoginTestASMS"/>
  <testcase name="loginApp" time="18.942" classname="com.asms.testcases.LoginTestASMS"/>
</testsuite> <!-- com.asms.testcases.LoginTestASMS -->
