<?xml version="1.0" encoding="UTF-8"?>
<!-- Generated by org.testng.reporters.JUnitReportReporter -->
<testsuite skipped="0" hostname="Ashok" name="com.asms.testcases.DirectURLTesting" tests="1" failures="0" timestamp="27 Sep 2019 11:46:46 GMT" time="38.423" errors="0">
  <testcase name="directASMS_URL_Testing_After_Login" time="38.423" classname="com.asms.testcases.DirectURLTesting"/>
</testsuite> <!-- com.asms.testcases.DirectURLTesting -->
