<?xml version="1.0" encoding="UTF-8"?>
<!-- Generated by org.testng.reporters.JUnitReportReporter -->
<testsuite skipped="0" hostname="Ashok-PC" name="com.asms.testcases.LoginTestASMS" tests="3" failures="0" timestamp="16 Nov 2019 05:53:15 GMT" time="138.246" errors="0">
  <testcase name="loginApp" time="32.107" classname="com.asms.testcases.LoginTestASMS"/>
  <testcase name="loginApp" time="25.174" classname="com.asms.testcases.LoginTestASMS"/>
  <testcase name="loginApp" time="80.965" classname="com.asms.testcases.LoginTestASMS"/>
</testsuite> <!-- com.asms.testcases.LoginTestASMS -->
